  [1m[35m (148.3ms)[0m  [1m[35mCREATE TABLE "schema_migrations" ("version" character varying NOT NULL PRIMARY KEY)[0m
  [1m[35m (63.1ms)[0m  [1m[35mCREATE TABLE "ar_internal_metadata" ("key" character varying NOT NULL PRIMARY KEY, "value" character varying, "created_at" timestamp NOT NULL, "updated_at" timestamp NOT NULL)[0m
  [1m[35m (27.4ms)[0m  [1m[34mSELECT pg_try_advisory_lock(6819692454289415400)[0m
  [1m[35m (1.1ms)[0m  [1m[34mSELECT "schema_migrations"."version" FROM "schema_migrations" ORDER BY "schema_migrations"."version" ASC[0m
Migrating to CreateRooms (20170916161037)
  [1m[35m (0.5ms)[0m  [1m[35mBEGIN[0m
  [1m[35m (43.3ms)[0m  [1m[35mCREATE TABLE "rooms" ("id" bigserial primary key, "topic" character varying, "created_at" timestamp NOT NULL, "updated_at" timestamp NOT NULL)[0m
  [1m[35mSQL (0.3ms)[0m  [1m[32mINSERT INTO "schema_migrations" ("version") VALUES ($1) RETURNING "version"[0m  [["version", "20170916161037"]]
  [1m[35m (0.8ms)[0m  [1m[35mCOMMIT[0m
  [1m[36mActiveRecord::InternalMetadata Load (0.4ms)[0m  [1m[34mSELECT  "ar_internal_metadata".* FROM "ar_internal_metadata" WHERE "ar_internal_metadata"."key" = $1 LIMIT $2[0m  [["key", "environment"], ["LIMIT", 1]]
  [1m[35m (0.1ms)[0m  [1m[35mBEGIN[0m
  [1m[35mSQL (17.3ms)[0m  [1m[32mINSERT INTO "ar_internal_metadata" ("key", "value", "created_at", "updated_at") VALUES ($1, $2, $3, $4) RETURNING "key"[0m  [["key", "environment"], ["value", "development"], ["created_at", "2017-09-16 16:11:21.804124"], ["updated_at", "2017-09-16 16:11:21.804124"]]
  [1m[35m (0.8ms)[0m  [1m[35mCOMMIT[0m
  [1m[35m (0.2ms)[0m  [1m[34mSELECT pg_advisory_unlock(6819692454289415400)[0m
  [1m[35m (0.6ms)[0m  [1m[34mSELECT "schema_migrations"."version" FROM "schema_migrations" ORDER BY "schema_migrations"."version" ASC[0m
Started GET "/" for 127.0.0.1 at 2017-09-16 18:12:15 +0200
  [1m[35m (0.4ms)[0m  [1m[34mSELECT "schema_migrations"."version" FROM "schema_migrations" ORDER BY "schema_migrations"."version" ASC[0m
Processing by Rails::WelcomeController#index as HTML
  Rendering /usr/local/lib/ruby/gems/2.4.0/gems/railties-5.1.4/lib/rails/templates/rails/welcome/index.html.erb
  Rendered /usr/local/lib/ruby/gems/2.4.0/gems/railties-5.1.4/lib/rails/templates/rails/welcome/index.html.erb (9.2ms)
Completed 200 OK in 62ms (Views: 24.9ms | ActiveRecord: 0.0ms)


Started GET "/rooms" for 127.0.0.1 at 2017-09-16 18:12:22 +0200
Processing by RoomsController#index as HTML
  Rendering rooms/index.html.erb within layouts/application
  [1m[36mRoom Load (21.3ms)[0m  [1m[34mSELECT "rooms".* FROM "rooms"[0m
  Rendered rooms/index.html.erb within layouts/application (35.3ms)
Completed 200 OK in 1399ms (Views: 1368.1ms | ActiveRecord: 27.2ms)


Started GET "/rooms/new" for 127.0.0.1 at 2017-09-16 18:12:26 +0200
Processing by RoomsController#new as HTML
  Rendering rooms/new.html.erb within layouts/application
  Rendered rooms/_form.html.erb (123.6ms)
  Rendered rooms/new.html.erb within layouts/application (126.2ms)
Completed 200 OK in 169ms (Views: 139.4ms | ActiveRecord: 3.4ms)


Started POST "/rooms" for 127.0.0.1 at 2017-09-16 18:12:33 +0200
Processing by RoomsController#create as HTML
  Parameters: {"utf8"=>"✓", "authenticity_token"=>"KhTYZSAPN3GasKzaz60ZBckhhusLgoKxIFkK088OVXbvruO2znmC/8xKQZ88bg7aH7WhWuwbsWz3jnVHUxsQ5Q==", "room"=>{"topic"=>"first room"}, "commit"=>"Create Room"}
  [1m[35m (0.4ms)[0m  [1m[35mBEGIN[0m
  [1m[35mSQL (41.3ms)[0m  [1m[32mINSERT INTO "rooms" ("topic", "created_at", "updated_at") VALUES ($1, $2, $3) RETURNING "id"[0m  [["topic", "first room"], ["created_at", "2017-09-16 16:12:33.376043"], ["updated_at", "2017-09-16 16:12:33.376043"]]
  [1m[35m (40.9ms)[0m  [1m[35mCOMMIT[0m
Redirected to http://localhost:3000/rooms/1
Completed 302 Found in 88ms (ActiveRecord: 82.5ms)


Started GET "/rooms/1" for 127.0.0.1 at 2017-09-16 18:12:33 +0200
Processing by RoomsController#show as HTML
  Parameters: {"id"=>"1"}
  [1m[36mRoom Load (41.8ms)[0m  [1m[34mSELECT  "rooms".* FROM "rooms" WHERE "rooms"."id" = $1 LIMIT $2[0m  [["id", 1], ["LIMIT", 1]]
  Rendering rooms/show.html.erb within layouts/application
  Rendered rooms/show.html.erb within layouts/application (0.5ms)
Completed 200 OK in 106ms (Views: 12.8ms | ActiveRecord: 42.3ms)


Started GET "/rooms" for 127.0.0.1 at 2017-09-16 18:12:37 +0200
Processing by RoomsController#index as HTML
  Rendering rooms/index.html.erb within layouts/application
  [1m[36mRoom Load (0.3ms)[0m  [1m[34mSELECT "rooms".* FROM "rooms"[0m
  Rendered rooms/index.html.erb within layouts/application (2.3ms)
Completed 200 OK in 28ms (Views: 26.3ms | ActiveRecord: 0.3ms)


Started GET "/rooms/1/edit" for 127.0.0.1 at 2017-09-16 18:37:51 +0200
Processing by RoomsController#edit as HTML
  Parameters: {"id"=>"1"}
  [1m[36mRoom Load (0.3ms)[0m  [1m[34mSELECT  "rooms".* FROM "rooms" WHERE "rooms"."id" = $1 LIMIT $2[0m  [["id", 1], ["LIMIT", 1]]
  Rendering rooms/edit.html.erb within layouts/application
  Rendered rooms/_form.html.erb (1.5ms)
  Rendered rooms/edit.html.erb within layouts/application (3.4ms)
Completed 200 OK in 91ms (Views: 78.0ms | ActiveRecord: 0.3ms)


Started GET "/" for 127.0.0.1 at 2017-09-16 18:40:03 +0200
Processing by Rails::WelcomeController#index as HTML
  Rendering /usr/local/lib/ruby/gems/2.4.0/gems/railties-5.1.4/lib/rails/templates/rails/welcome/index.html.erb
  Rendered /usr/local/lib/ruby/gems/2.4.0/gems/railties-5.1.4/lib/rails/templates/rails/welcome/index.html.erb (2.7ms)
Completed 200 OK in 25ms (Views: 4.5ms | ActiveRecord: 0.0ms)


Started GET "/" for 127.0.0.1 at 2017-09-16 19:14:40 +0200
Processing by Rails::WelcomeController#index as HTML
  Rendering /usr/local/lib/ruby/gems/2.4.0/gems/railties-5.1.4/lib/rails/templates/rails/welcome/index.html.erb
  Rendered /usr/local/lib/ruby/gems/2.4.0/gems/railties-5.1.4/lib/rails/templates/rails/welcome/index.html.erb (2.7ms)
Completed 200 OK in 30ms (Views: 6.9ms | ActiveRecord: 0.0ms)


Started GET "/room" for 127.0.0.1 at 2017-09-16 19:14:47 +0200
  
ActionController::RoutingError (No route matches [GET] "/room"):
  
actionpack (5.1.4) lib/action_dispatch/middleware/debug_exceptions.rb:63:in `call'
web-console (3.5.1) lib/web_console/middleware.rb:135:in `call_app'
web-console (3.5.1) lib/web_console/middleware.rb:28:in `block in call'
web-console (3.5.1) lib/web_console/middleware.rb:18:in `catch'
web-console (3.5.1) lib/web_console/middleware.rb:18:in `call'
actionpack (5.1.4) lib/action_dispatch/middleware/show_exceptions.rb:31:in `call'
railties (5.1.4) lib/rails/rack/logger.rb:36:in `call_app'
railties (5.1.4) lib/rails/rack/logger.rb:24:in `block in call'
activesupport (5.1.4) lib/active_support/tagged_logging.rb:69:in `block in tagged'
activesupport (5.1.4) lib/active_support/tagged_logging.rb:26:in `tagged'
activesupport (5.1.4) lib/active_support/tagged_logging.rb:69:in `tagged'
railties (5.1.4) lib/rails/rack/logger.rb:24:in `call'
sprockets-rails (3.2.1) lib/sprockets/rails/quiet_assets.rb:13:in `call'
actionpack (5.1.4) lib/action_dispatch/middleware/remote_ip.rb:79:in `call'
actionpack (5.1.4) lib/action_dispatch/middleware/request_id.rb:25:in `call'
rack (2.0.3) lib/rack/method_override.rb:22:in `call'
rack (2.0.3) lib/rack/runtime.rb:22:in `call'
activesupport (5.1.4) lib/active_support/cache/strategy/local_cache_middleware.rb:27:in `call'
actionpack (5.1.4) lib/action_dispatch/middleware/executor.rb:12:in `call'
actionpack (5.1.4) lib/action_dispatch/middleware/static.rb:125:in `call'
rack (2.0.3) lib/rack/sendfile.rb:111:in `call'
railties (5.1.4) lib/rails/engine.rb:522:in `call'
puma (3.10.0) lib/puma/configuration.rb:225:in `call'
puma (3.10.0) lib/puma/server.rb:605:in `handle_request'
puma (3.10.0) lib/puma/server.rb:437:in `process_client'
puma (3.10.0) lib/puma/server.rb:301:in `block in run'
puma (3.10.0) lib/puma/thread_pool.rb:120:in `block in spawn_thread'
Started GET "/rooms" for 127.0.0.1 at 2017-09-16 19:14:51 +0200
Processing by RoomsController#index as HTML
  Rendering rooms/index.html.erb within layouts/application
  [1m[36mRoom Load (0.5ms)[0m  [1m[34mSELECT "rooms".* FROM "rooms"[0m
  Rendered rooms/index.html.erb within layouts/application (10.4ms)
Completed 200 OK in 101ms (Views: 80.6ms | ActiveRecord: 0.5ms)


Started GET "/rooms" for 127.0.0.1 at 2017-09-16 19:32:46 +0200
Processing by RoomsController#index as HTML
  Rendering rooms/index.html.erb within layouts/application
  [1m[36mRoom Load (0.2ms)[0m  [1m[34mSELECT "rooms".* FROM "rooms"[0m
  Rendered rooms/index.html.erb within layouts/application (2.3ms)
Completed 200 OK in 366ms (Views: 328.1ms | ActiveRecord: 0.2ms)


Started GET "/rooms" for 127.0.0.1 at 2017-09-16 19:59:02 +0200
  [1m[35m (0.5ms)[0m  [1m[34mSELECT "schema_migrations"."version" FROM "schema_migrations" ORDER BY "schema_migrations"."version" ASC[0m
Processing by RoomsController#index as HTML
  Rendering rooms/index.html.erb within layouts/application
  [1m[36mRoom Load (0.5ms)[0m  [1m[34mSELECT "rooms".* FROM "rooms"[0m
  Rendered rooms/index.html.erb within layouts/application (24.5ms)
Completed 200 OK in 367ms (Views: 322.6ms | ActiveRecord: 4.2ms)


Started GET "/" for 127.0.0.1 at 2017-09-16 19:59:06 +0200
Processing by Rails::WelcomeController#index as HTML
  Rendering /usr/local/lib/ruby/gems/2.4.0/gems/railties-5.1.4/lib/rails/templates/rails/welcome/index.html.erb
  Rendered /usr/local/lib/ruby/gems/2.4.0/gems/railties-5.1.4/lib/rails/templates/rails/welcome/index.html.erb (2.5ms)
Completed 200 OK in 7ms (Views: 4.5ms | ActiveRecord: 0.0ms)


Started GET "/rooms" for 127.0.0.1 at 2017-09-16 19:59:12 +0200
Processing by RoomsController#index as HTML
  Rendering rooms/index.html.erb within layouts/application
  [1m[36mRoom Load (0.3ms)[0m  [1m[34mSELECT "rooms".* FROM "rooms"[0m
  Rendered rooms/index.html.erb within layouts/application (2.1ms)
Completed 200 OK in 43ms (Views: 41.7ms | ActiveRecord: 0.3ms)


